%!Adobe-FontList 1.14
%Locale:0x407

%BeginFont
Handler:DirectoryHandler
FontType:TrueType
FontName:Roboto-Bold
FamilyName:Roboto
StyleName:Bold
FullName:Roboto Bold
MenuName:Roboto
StyleBits:2
WritingScript:Roman
OutlineFileName:C:\Users\Michael\_Development\_workspaces\workspace_js\cake_project\Font\roboto\Roboto-Bold.ttf
DataFormat:sfntData
FileLength:127744
FileModTime:1438165707
WeightClass:700
WidthClass:5
AngleClass:0
%EndFont

%BeginFont
Handler:DirectoryHandler
FontType:Invalid
OutlineFileName:C:\Users\Michael\_Development\_workspaces\workspace_js\cake_project\Font\roboto\Roboto-Bold.woff
FileModTime:1438165707
%EndFont

%BeginFont
Handler:DirectoryHandler
FontType:Invalid
OutlineFileName:C:\Users\Michael\_Development\_workspaces\workspace_js\cake_project\Font\roboto\Roboto-Bold.woff2
FileModTime:1438165707
%EndFont

%BeginFont
Handler:DirectoryHandler
FontType:TrueType
FontName:Roboto-Light
FamilyName:Roboto
StyleName:Light
FullName:Roboto Light
MenuName:Roboto
StyleBits:0
WritingScript:Roman
OutlineFileName:C:\Users\Michael\_Development\_workspaces\workspace_js\cake_project\Font\roboto\Roboto-Light.ttf
DataFormat:sfntData
FileLength:126792
FileModTime:1438165707
WeightClass:300
WidthClass:5
AngleClass:0
%EndFont

%BeginFont
Handler:DirectoryHandler
FontType:Invalid
OutlineFileName:C:\Users\Michael\_Development\_workspaces\workspace_js\cake_project\Font\roboto\Roboto-Light.woff
FileModTime:1438165707
%EndFont

%BeginFont
Handler:DirectoryHandler
FontType:Invalid
OutlineFileName:C:\Users\Michael\_Development\_workspaces\workspace_js\cake_project\Font\roboto\Roboto-Light.woff2
FileModTime:1438165707
%EndFont

%BeginFont
Handler:DirectoryHandler
FontType:TrueType
FontName:Roboto-Medium
FamilyName:Roboto
StyleName:Medium
FullName:Roboto Medium
MenuName:Roboto
StyleBits:0
WritingScript:Roman
OutlineFileName:C:\Users\Michael\_Development\_workspaces\workspace_js\cake_project\Font\roboto\Roboto-Medium.ttf
DataFormat:sfntData
FileLength:127488
FileModTime:1438165707
WeightClass:500
WidthClass:5
AngleClass:0
%EndFont

%BeginFont
Handler:DirectoryHandler
FontType:Invalid
OutlineFileName:C:\Users\Michael\_Development\_workspaces\workspace_js\cake_project\Font\roboto\Roboto-Medium.woff
FileModTime:1438165707
%EndFont

%BeginFont
Handler:DirectoryHandler
FontType:Invalid
OutlineFileName:C:\Users\Michael\_Development\_workspaces\workspace_js\cake_project\Font\roboto\Roboto-Medium.woff2
FileModTime:1438165707
%EndFont

%BeginFont
Handler:DirectoryHandler
FontType:TrueType
FontName:Roboto-Regular
FamilyName:Roboto
StyleName:Regular
FullName:Roboto Regular
MenuName:Roboto
StyleBits:0
WritingScript:Roman
OutlineFileName:C:\Users\Michael\_Development\_workspaces\workspace_js\cake_project\Font\roboto\Roboto-Regular.ttf
DataFormat:sfntData
FileLength:126072
FileModTime:1438165707
WeightClass:400
WidthClass:5
AngleClass:0
%EndFont

%BeginFont
Handler:DirectoryHandler
FontType:Invalid
OutlineFileName:C:\Users\Michael\_Development\_workspaces\workspace_js\cake_project\Font\roboto\Roboto-Regular.woff
FileModTime:1438165707
%EndFont

%BeginFont
Handler:DirectoryHandler
FontType:Invalid
OutlineFileName:C:\Users\Michael\_Development\_workspaces\workspace_js\cake_project\Font\roboto\Roboto-Regular.woff2
FileModTime:1438165707
%EndFont

%BeginFont
Handler:DirectoryHandler
FontType:TrueType
FontName:Roboto-Thin
FamilyName:Roboto
StyleName:Thin
FullName:Roboto Thin
MenuName:Roboto
StyleBits:0
WritingScript:Roman
OutlineFileName:C:\Users\Michael\_Development\_workspaces\workspace_js\cake_project\Font\roboto\Roboto-Thin.ttf
DataFormat:sfntData
FileLength:127584
FileModTime:1438165707
WeightClass:250
WidthClass:5
AngleClass:0
%EndFont

%BeginFont
Handler:DirectoryHandler
FontType:Invalid
OutlineFileName:C:\Users\Michael\_Development\_workspaces\workspace_js\cake_project\Font\roboto\Roboto-Thin.woff
FileModTime:1438165707
%EndFont

%BeginFont
Handler:DirectoryHandler
FontType:Invalid
OutlineFileName:C:\Users\Michael\_Development\_workspaces\workspace_js\cake_project\Font\roboto\Roboto-Thin.woff2
FileModTime:1438165707
%EndFont

%BeginFont
Handler:DirectoryHandler
FontType:Invalid
OutlineFileName:C:\Users\Michael\_Development\_workspaces\workspace_js\cake_project\Font\material-design-icons\LICENSE.txt
FileModTime:1438165707
%EndFont

%BeginFont
Handler:DirectoryHandler
FontType:Invalid
OutlineFileName:C:\Users\Michael\_Development\_workspaces\workspace_js\cake_project\Font\material-design-icons\Material-Design-Icons-Main.woff2
FileModTime:1438167386
%EndFont

%BeginFont
Handler:DirectoryHandler
FontType:Invalid
OutlineFileName:C:\Users\Michael\_Development\_workspaces\workspace_js\cake_project\Font\material-design-icons\Material-Design-Icons.eot
FileModTime:1438165707
%EndFont

%BeginFont
Handler:DirectoryHandler
FontType:Invalid
OutlineFileName:C:\Users\Michael\_Development\_workspaces\workspace_js\cake_project\Font\material-design-icons\Material-Design-Icons.svg
FileModTime:1438165707
%EndFont

%BeginFont
Handler:DirectoryHandler
FontType:TrueType
FontName:Material-Design-Icons
FamilyName:Material-Design-Icons
StyleName:Regular
FullName:Material-Design-Icons
MenuName:Material-Design-Icons
StyleBits:0
WritingScript:Roman
OutlineFileName:C:\Users\Michael\_Development\_workspaces\workspace_js\cake_project\Font\material-design-icons\Material-Design-Icons.ttf
DataFormat:sfntData
FileLength:141528
FileModTime:1438165707
WeightClass:400
WidthClass:5
AngleClass:0
%EndFont

%BeginFont
Handler:DirectoryHandler
FontType:Invalid
OutlineFileName:C:\Users\Michael\_Development\_workspaces\workspace_js\cake_project\Font\material-design-icons\Material-Design-Icons.woff
FileModTime:1438165707
%EndFont

%BeginFont
Handler:DirectoryHandler
FontType:Invalid
OutlineFileName:C:\Users\Michael\_Development\_workspaces\workspace_js\cake_project\Font\material-design-icons\Material-Design-Icons.woff2
FileModTime:1438165707
%EndFont

%BeginFont
Handler:DirectoryHandler
FontType:Invalid
OutlineFileName:C:\Users\Michael\_Development\_workspaces\workspace_js\cake_project\Font\grid_gallery_fontawesome\.DS_Store
FileModTime:1395409268
%EndFont

%BeginFont
Handler:DirectoryHandler
FontType:Invalid
OutlineFileName:C:\Users\Michael\_Development\_workspaces\workspace_js\cake_project\Font\grid_gallery_fontawesome\fontawesome.eot
FileModTime:1395409242
%EndFont

%BeginFont
Handler:DirectoryHandler
FontType:Invalid
OutlineFileName:C:\Users\Michael\_Development\_workspaces\workspace_js\cake_project\Font\grid_gallery_fontawesome\fontawesome.svg
FileModTime:1395409242
%EndFont

%BeginFont
Handler:DirectoryHandler
FontType:TrueType
FontName:fontawesome
FamilyName:fontawesome
StyleName:Regular
FullName:fontawesome
MenuName:fontawesome
StyleBits:0
WritingScript:Roman
OutlineFileName:C:\Users\Michael\_Development\_workspaces\workspace_js\cake_project\Font\grid_gallery_fontawesome\fontawesome.ttf
DataFormat:sfntData
FileLength:1440
FileModTime:1395409242
WeightClass:400
WidthClass:5
AngleClass:0
%EndFont

%BeginFont
Handler:DirectoryHandler
FontType:Invalid
OutlineFileName:C:\Users\Michael\_Development\_workspaces\workspace_js\cake_project\Font\grid_gallery_fontawesome\fontawesome.woff
FileModTime:1395409242
%EndFont

